\BOOKMARK [0][-]{chapter.1}{\376\377\000D\000i\000r\000e\000c\000t\000o\000r\000y\000\040\000H\000i\000e\000r\000a\000r\000c\000h\000y}{}% 1
\BOOKMARK [1][-]{section.1.1}{\376\377\000D\000i\000r\000e\000c\000t\000o\000r\000i\000e\000s}{chapter.1}% 2
\BOOKMARK [0][-]{chapter.2}{\376\377\000C\000l\000a\000s\000s\000\040\000I\000n\000d\000e\000x}{}% 3
\BOOKMARK [1][-]{section.2.1}{\376\377\000C\000l\000a\000s\000s\000\040\000H\000i\000e\000r\000a\000r\000c\000h\000y}{chapter.2}% 4
\BOOKMARK [0][-]{chapter.3}{\376\377\000C\000l\000a\000s\000s\000\040\000I\000n\000d\000e\000x}{}% 5
\BOOKMARK [1][-]{section.3.1}{\376\377\000C\000l\000a\000s\000s\000\040\000L\000i\000s\000t}{chapter.3}% 6
\BOOKMARK [0][-]{chapter.4}{\376\377\000F\000i\000l\000e\000\040\000I\000n\000d\000e\000x}{}% 7
\BOOKMARK [1][-]{section.4.1}{\376\377\000F\000i\000l\000e\000\040\000L\000i\000s\000t}{chapter.4}% 8
\BOOKMARK [0][-]{chapter.5}{\376\377\000D\000i\000r\000e\000c\000t\000o\000r\000y\000\040\000D\000o\000c\000u\000m\000e\000n\000t\000a\000t\000i\000o\000n}{}% 9
\BOOKMARK [1][-]{section.5.1}{\376\377\000s\000r\000c\000/\000c\000o\000r\000e\000/\000\040\000D\000i\000r\000e\000c\000t\000o\000r\000y\000\040\000R\000e\000f\000e\000r\000e\000n\000c\000e}{chapter.5}% 10
\BOOKMARK [1][-]{section.5.2}{\376\377\000s\000r\000c\000/\000f\000e\000a\000t\000u\000r\000e\000/\000\040\000D\000i\000r\000e\000c\000t\000o\000r\000y\000\040\000R\000e\000f\000e\000r\000e\000n\000c\000e}{chapter.5}% 11
\BOOKMARK [1][-]{section.5.3}{\376\377\000s\000r\000c\000/\000\040\000D\000i\000r\000e\000c\000t\000o\000r\000y\000\040\000R\000e\000f\000e\000r\000e\000n\000c\000e}{chapter.5}% 12
\BOOKMARK [1][-]{section.5.4}{\376\377\000s\000r\000c\000/\000s\000t\000r\000u\000c\000t\000u\000r\000e\000s\000/\000\040\000D\000i\000r\000e\000c\000t\000o\000r\000y\000\040\000R\000e\000f\000e\000r\000e\000n\000c\000e}{chapter.5}% 13
\BOOKMARK [1][-]{section.5.5}{\376\377\000s\000r\000c\000/\000u\000i\000/\000\040\000D\000i\000r\000e\000c\000t\000o\000r\000y\000\040\000R\000e\000f\000e\000r\000e\000n\000c\000e}{chapter.5}% 14
\BOOKMARK [0][-]{chapter.6}{\376\377\000C\000l\000a\000s\000s\000\040\000D\000o\000c\000u\000m\000e\000n\000t\000a\000t\000i\000o\000n}{}% 15
\BOOKMARK [1][-]{section.6.1}{\376\377\000D\000e\000t\000e\000c\000t\000o\000r\000T\000y\000p\000e\000\040\000C\000l\000a\000s\000s\000\040\000R\000e\000f\000e\000r\000e\000n\000c\000e}{chapter.6}% 16
\BOOKMARK [2][-]{subsection.6.1.1}{\376\377\000D\000e\000t\000a\000i\000l\000e\000d\000\040\000D\000e\000s\000c\000r\000i\000p\000t\000i\000o\000n}{section.6.1}% 17
\BOOKMARK [2][-]{subsection.6.1.2}{\376\377\000C\000o\000n\000s\000t\000r\000u\000c\000t\000o\000r\000\040\000\046\000\040\000D\000e\000s\000t\000r\000u\000c\000t\000o\000r\000\040\000D\000o\000c\000u\000m\000e\000n\000t\000a\000t\000i\000o\000n}{section.6.1}% 18
\BOOKMARK [3][-]{subsubsection.6.1.2.1}{\376\377\000D\000e\000t\000e\000c\000t\000o\000r\000T\000y\000p\000e}{subsection.6.1.2}% 19
\BOOKMARK [3][-]{subsubsection.6.1.2.2}{\376\377\000D\000e\000t\000e\000c\000t\000o\000r\000T\000y\000p\000e}{subsection.6.1.2}% 20
\BOOKMARK [3][-]{subsubsection.6.1.2.3}{\376\377\000D\000e\000t\000e\000c\000t\000o\000r\000T\000y\000p\000e}{subsection.6.1.2}% 21
\BOOKMARK [2][-]{subsection.6.1.3}{\376\377\000M\000e\000m\000b\000e\000r\000\040\000F\000u\000n\000c\000t\000i\000o\000n\000\040\000D\000o\000c\000u\000m\000e\000n\000t\000a\000t\000i\000o\000n}{section.6.1}% 22
\BOOKMARK [3][-]{subsubsection.6.1.3.1}{\376\377\000c\000o\000m\000p\000u\000t\000e\000\137\000f\000r\000a\000m\000e}{subsection.6.1.3}% 23
\BOOKMARK [3][-]{subsubsection.6.1.3.2}{\376\377\000i\000s\000T\000y\000p\000e}{subsection.6.1.3}% 24
\BOOKMARK [3][-]{subsubsection.6.1.3.3}{\376\377\000r\000e\000s\000e\000t\000\137\000d\000e\000t\000e\000c\000t\000o\000r}{subsection.6.1.3}% 25
\BOOKMARK [1][-]{section.6.2}{\376\377\000E\000n\000u\000m\000e\000r\000a\000t\000i\000o\000n\000s\000\040\000C\000l\000a\000s\000s\000\040\000R\000e\000f\000e\000r\000e\000n\000c\000e}{chapter.6}% 26
\BOOKMARK [2][-]{subsection.6.2.1}{\376\377\000D\000e\000t\000a\000i\000l\000e\000d\000\040\000D\000e\000s\000c\000r\000i\000p\000t\000i\000o\000n}{section.6.2}% 27
\BOOKMARK [2][-]{subsection.6.2.2}{\376\377\000C\000o\000n\000s\000t\000r\000u\000c\000t\000o\000r\000\040\000\046\000\040\000D\000e\000s\000t\000r\000u\000c\000t\000o\000r\000\040\000D\000o\000c\000u\000m\000e\000n\000t\000a\000t\000i\000o\000n}{section.6.2}% 28
\BOOKMARK [3][-]{subsubsection.6.2.2.1}{\376\377\000E\000n\000u\000m\000e\000r\000a\000t\000i\000o\000n\000s}{subsection.6.2.2}% 29
\BOOKMARK [3][-]{subsubsection.6.2.2.2}{\376\377\000E\000n\000u\000m\000e\000r\000a\000t\000i\000o\000n\000s}{subsection.6.2.2}% 30
\BOOKMARK [3][-]{subsubsection.6.2.2.3}{\376\377\000E\000n\000u\000m\000e\000r\000a\000t\000i\000o\000n\000s}{subsection.6.2.2}% 31
\BOOKMARK [2][-]{subsection.6.2.3}{\376\377\000M\000e\000m\000b\000e\000r\000\040\000F\000u\000n\000c\000t\000i\000o\000n\000\040\000D\000o\000c\000u\000m\000e\000n\000t\000a\000t\000i\000o\000n}{section.6.2}% 32
\BOOKMARK [3][-]{subsubsection.6.2.3.1}{\376\377\000b\000o\000o\000l\0002\000s\000t\000r\000i\000n\000g}{subsection.6.2.3}% 33
\BOOKMARK [3][-]{subsubsection.6.2.3.2}{\376\377\000c\000o\000l\000o\000r\000\137\000i\000n\000t\000e\000r\000p}{subsection.6.2.3}% 34
\BOOKMARK [3][-]{subsubsection.6.2.3.3}{\376\377\000S\000c\000a\000l\000a\000r\0002\000V\000e\000c}{subsection.6.2.3}% 35
\BOOKMARK [2][-]{subsection.6.2.4}{\376\377\000M\000e\000m\000b\000e\000r\000\040\000D\000a\000t\000a\000\040\000D\000o\000c\000u\000m\000e\000n\000t\000a\000t\000i\000o\000n}{section.6.2}% 36
\BOOKMARK [3][-]{subsubsection.6.2.4.1}{\376\377\000B\000L\000U\000E}{subsection.6.2.4}% 37
\BOOKMARK [3][-]{subsubsection.6.2.4.2}{\376\377\000G\000R\000E\000E\000N}{subsection.6.2.4}% 38
\BOOKMARK [3][-]{subsubsection.6.2.4.3}{\376\377\000R\000E\000D}{subsection.6.2.4}% 39
\BOOKMARK [1][-]{section.6.3}{\376\377\000L\000a\000n\000e\000\040\000C\000l\000a\000s\000s\000\040\000R\000e\000f\000e\000r\000e\000n\000c\000e}{chapter.6}% 40
\BOOKMARK [2][-]{subsection.6.3.1}{\376\377\000D\000e\000t\000a\000i\000l\000e\000d\000\040\000D\000e\000s\000c\000r\000i\000p\000t\000i\000o\000n}{section.6.3}% 41
\BOOKMARK [2][-]{subsection.6.3.2}{\376\377\000C\000o\000n\000s\000t\000r\000u\000c\000t\000o\000r\000\040\000\046\000\040\000D\000e\000s\000t\000r\000u\000c\000t\000o\000r\000\040\000D\000o\000c\000u\000m\000e\000n\000t\000a\000t\000i\000o\000n}{section.6.3}% 42
\BOOKMARK [3][-]{subsubsection.6.3.2.1}{\376\377\000L\000a\000n\000e}{subsection.6.3.2}% 43
\BOOKMARK [2][-]{subsection.6.3.3}{\376\377\000M\000e\000m\000b\000e\000r\000\040\000F\000u\000n\000c\000t\000i\000o\000n\000\040\000D\000o\000c\000u\000m\000e\000n\000t\000a\000t\000i\000o\000n}{section.6.3}% 44
\BOOKMARK [3][-]{subsubsection.6.3.3.1}{\376\377\000a\000d\000d\000V\000e\000r\000t\000e\000x}{subsection.6.3.3}% 45
\BOOKMARK [3][-]{subsubsection.6.3.3.2}{\376\377\000b\000b\000o\000x}{subsection.6.3.3}% 46
\BOOKMARK [3][-]{subsubsection.6.3.3.3}{\376\377\000c\000h\000a\000n\000g\000e\000L\000a\000s\000t}{subsection.6.3.3}% 47
\BOOKMARK [3][-]{subsubsection.6.3.3.4}{\376\377\000c\000l\000e\000a\000r}{subsection.6.3.3}% 48
\BOOKMARK [3][-]{subsubsection.6.3.3.5}{\376\377\000d\000r\000a\000w}{subsection.6.3.3}% 49
\BOOKMARK [3][-]{subsubsection.6.3.3.6}{\376\377\000f\000i\000n\000a\000l\000i\000z\000e}{subsection.6.3.3}% 50
\BOOKMARK [3][-]{subsubsection.6.3.3.7}{\376\377\000g\000e\000t\000V\000e\000r\000t\000i\000c\000e\000s}{subsection.6.3.3}% 51
\BOOKMARK [3][-]{subsubsection.6.3.3.8}{\376\377\000i\000s\000I\000n\000s\000i\000d\000e}{subsection.6.3.3}% 52
\BOOKMARK [3][-]{subsubsection.6.3.3.9}{\376\377\000p\000o\000p}{subsection.6.3.3}% 53
\BOOKMARK [3][-]{subsubsection.6.3.3.10}{\376\377\000s\000i\000z\000e}{subsection.6.3.3}% 54
\BOOKMARK [3][-]{subsubsection.6.3.3.11}{\376\377\000v\000e\000r\000t\000e\000x\000\137\000c\000o\000u\000n\000t}{subsection.6.3.3}% 55
\BOOKMARK [2][-]{subsection.6.3.4}{\376\377\000M\000e\000m\000b\000e\000r\000\040\000D\000a\000t\000a\000\040\000D\000o\000c\000u\000m\000e\000n\000t\000a\000t\000i\000o\000n}{section.6.3}% 56
\BOOKMARK [3][-]{subsubsection.6.3.4.1}{\376\377\000c\000o\000l\000o\000r}{subsection.6.3.4}% 57
\BOOKMARK [3][-]{subsubsection.6.3.4.2}{\376\377\000l\000i\000n\000e\000T\000y\000p\000e}{subsection.6.3.4}% 58
\BOOKMARK [3][-]{subsubsection.6.3.4.3}{\376\377\000m\000\137\000b\000b\000o\000x}{subsection.6.3.4}% 59
\BOOKMARK [3][-]{subsubsection.6.3.4.4}{\376\377\000p\000o\000l\000y}{subsection.6.3.4}% 60
\BOOKMARK [3][-]{subsubsection.6.3.4.5}{\376\377\000s\000h\000i\000f\000t}{subsection.6.3.4}% 61
\BOOKMARK [3][-]{subsubsection.6.3.4.6}{\376\377\000t\000h\000i\000c\000k\000n\000e\000s\000s}{subsection.6.3.4}% 62
\BOOKMARK [3][-]{subsubsection.6.3.4.7}{\376\377\000v\000e\000r\000t\000i\000c\000e\000s}{subsection.6.3.4}% 63
\BOOKMARK [1][-]{section.6.4}{\376\377\000O\000p\000t\000i\000o\000n\000s\000\040\000C\000l\000a\000s\000s\000\040\000R\000e\000f\000e\000r\000e\000n\000c\000e}{chapter.6}% 64
\BOOKMARK [2][-]{subsection.6.4.1}{\376\377\000D\000e\000t\000a\000i\000l\000e\000d\000\040\000D\000e\000s\000c\000r\000i\000p\000t\000i\000o\000n}{section.6.4}% 65
\BOOKMARK [2][-]{subsection.6.4.2}{\376\377\000C\000o\000n\000s\000t\000r\000u\000c\000t\000o\000r\000\040\000\046\000\040\000D\000e\000s\000t\000r\000u\000c\000t\000o\000r\000\040\000D\000o\000c\000u\000m\000e\000n\000t\000a\000t\000i\000o\000n}{section.6.4}% 66
\BOOKMARK [3][-]{subsubsection.6.4.2.1}{\376\377\000O\000p\000t\000i\000o\000n\000s}{subsection.6.4.2}% 67
\BOOKMARK [3][-]{subsubsection.6.4.2.2}{\376\377\000O\000p\000t\000i\000o\000n\000s}{subsection.6.4.2}% 68
\BOOKMARK [3][-]{subsubsection.6.4.2.3}{\376\377\000O\000p\000t\000i\000o\000n\000s}{subsection.6.4.2}% 69
\BOOKMARK [2][-]{subsection.6.4.3}{\376\377\000M\000e\000m\000b\000e\000r\000\040\000D\000a\000t\000a\000\040\000D\000o\000c\000u\000m\000e\000n\000t\000a\000t\000i\000o\000n}{section.6.4}% 70
\BOOKMARK [3][-]{subsubsection.6.4.3.1}{\376\377\000a\000v\000g\000F\000i\000l\000e\000n\000a\000m\000e}{subsection.6.4.3}% 71
\BOOKMARK [3][-]{subsubsection.6.4.3.2}{\376\377\000b\000l\000a\000c\000k\000\137\000f\000r\000a\000m\000e}{subsection.6.4.3}% 72
\BOOKMARK [3][-]{subsubsection.6.4.3.3}{\376\377\000b\000o\000u\000t}{subsection.6.4.3}% 73
\BOOKMARK [3][-]{subsubsection.6.4.3.4}{\376\377\000c\000a\000p}{subsection.6.4.3}% 74
\BOOKMARK [3][-]{subsubsection.6.4.3.5}{\376\377\000D\000E\000B\000U\000G}{subsection.6.4.3}% 75
\BOOKMARK [3][-]{subsubsection.6.4.3.6}{\376\377\000d\000e\000n\000s\000i\000t\000y\000\137\000f\000r\000a\000m\000e}{subsection.6.4.3}% 76
\BOOKMARK [3][-]{subsubsection.6.4.3.7}{\376\377\000d\000e\000n\000s\000i\000t\000y\000\137\000w\000i\000n\000d\000o\000w}{subsection.6.4.3}% 77
\BOOKMARK [3][-]{subsubsection.6.4.3.8}{\376\377\000d\000e\000t\000e\000c\000t\000o\000r}{subsection.6.4.3}% 78
\BOOKMARK [3][-]{subsubsection.6.4.3.9}{\376\377\000d\000e\000t\000e\000c\000t\000o\000r\000\137\000t\000y\000p\000e}{subsection.6.4.3}% 79
\BOOKMARK [3][-]{subsubsection.6.4.3.10}{\376\377\000d\000o\000u\000t}{subsection.6.4.3}% 80
\BOOKMARK [3][-]{subsubsection.6.4.3.11}{\376\377\000e\000q\000u\000a\000l\000i\000z\000e\000H\000i\000s\000t\000o\000g\000r\000a\000m}{subsection.6.4.3}% 81
\BOOKMARK [3][-]{subsubsection.6.4.3.12}{\376\377\000f\000r\000a\000m\000e}{subsection.6.4.3}% 82
\BOOKMARK [3][-]{subsubsection.6.4.3.13}{\376\377\000f\000r\000a\000m\000e\000\137\000c\000o\000u\000n\000t}{subsection.6.4.3}% 83
\BOOKMARK [3][-]{subsubsection.6.4.3.14}{\376\377\000f\000r\000a\000m\000e\000\137\000r\000a\000t\000e}{subsection.6.4.3}% 84
\BOOKMARK [3][-]{subsubsection.6.4.3.15}{\376\377\000g\000r\000a\000y\000\137\000f\000r\000a\000m\000e}{subsection.6.4.3}% 85
\BOOKMARK [3][-]{subsubsection.6.4.3.16}{\376\377\000i\000n\000t\000e\000r\000e\000s\000t\000\137\000p\000o\000i\000n\000t\000\137\000m\000a\000x\000\137\000l\000i\000f\000e}{subsection.6.4.3}% 86
\BOOKMARK [3][-]{subsubsection.6.4.3.17}{\376\377\000k\000e\000y}{subsection.6.4.3}% 87
\BOOKMARK [3][-]{subsubsection.6.4.3.18}{\376\377\000l\000a\000n\000e\000F\000i\000l\000e\000n\000a\000m\000e}{subsection.6.4.3}% 88
\BOOKMARK [3][-]{subsubsection.6.4.3.19}{\376\377\000l\000a\000n\000e\000s}{subsection.6.4.3}% 89
\BOOKMARK [3][-]{subsubsection.6.4.3.20}{\376\377\000l\000o\000a\000d\000A\000v\000g\000F\000r\000a\000m\000e}{subsection.6.4.3}% 90
\BOOKMARK [3][-]{subsubsection.6.4.3.21}{\376\377\000l\000o\000a\000d\000L\000a\000n\000e\000s}{subsection.6.4.3}% 91
\BOOKMARK [3][-]{subsubsection.6.4.3.22}{\376\377\000p\000o\000i\000n\000t\000H\000i\000s\000t\000o\000r\000y}{subsection.6.4.3}% 92
\BOOKMARK [3][-]{subsubsection.6.4.3.23}{\376\377\000s\000a\000v\000e\000A\000v\000g\000F\000r\000a\000m\000e}{subsection.6.4.3}% 93
\BOOKMARK [3][-]{subsubsection.6.4.3.24}{\376\377\000s\000a\000v\000e\000L\000a\000n\000e\000s}{subsection.6.4.3}% 94
\BOOKMARK [3][-]{subsubsection.6.4.3.25}{\376\377\000s\000h\000o\000w}{subsection.6.4.3}% 95
\BOOKMARK [3][-]{subsubsection.6.4.3.26}{\376\377\000S\000I\000F\000T\000\137\000l\000a\000n\000e\000\137\000c\000r\000o\000p}{subsection.6.4.3}% 96
\BOOKMARK [3][-]{subsubsection.6.4.3.27}{\376\377\000s\000i\000f\000t\000C\000o\000m\000m\000o\000n\000P\000a\000r\000a\000m\000s}{subsection.6.4.3}% 97
\BOOKMARK [3][-]{subsubsection.6.4.3.28}{\376\377\000s\000i\000f\000t\000D\000e\000s\000c\000r\000i\000p\000t\000o\000r\000P\000a\000r\000a\000m\000s}{subsection.6.4.3}% 98
\BOOKMARK [3][-]{subsubsection.6.4.3.29}{\376\377\000s\000i\000f\000t\000D\000e\000t\000e\000c\000t\000o\000r\000P\000a\000r\000a\000m\000s}{subsection.6.4.3}% 99
\BOOKMARK [3][-]{subsubsection.6.4.3.30}{\376\377\000s\000t\000a\000r\000t\000\137\000f\000r\000a\000m\000e}{subsection.6.4.3}% 100
\BOOKMARK [3][-]{subsubsection.6.4.3.31}{\376\377\000s\000t\000o\000p\000\137\000f\000r\000a\000m\000e}{subsection.6.4.3}% 101
\BOOKMARK [3][-]{subsubsection.6.4.3.32}{\376\377\000s\000u\000r\000f\000P\000a\000r\000a\000m\000s}{subsection.6.4.3}% 102
\BOOKMARK [3][-]{subsubsection.6.4.3.33}{\376\377\000v\000i\000d\000e\000o\000\137\000f\000i\000l\000e\000n\000a\000m\000e}{subsection.6.4.3}% 103
\BOOKMARK [3][-]{subsubsection.6.4.3.34}{\376\377\000v\000i\000d\000e\000o\000\137\000o\000u\000t\000p\000u\000t\000\137\000f\000i\000l\000e\000n\000a\000m\000e}{subsection.6.4.3}% 104
\BOOKMARK [3][-]{subsubsection.6.4.3.35}{\376\377\000v\000o\000u\000t}{subsection.6.4.3}% 105
\BOOKMARK [3][-]{subsubsection.6.4.3.36}{\376\377\000w\000i\000n\000d\000o\000w\000\137\000n\000a\000m\000e}{subsection.6.4.3}% 106
\BOOKMARK [1][-]{section.6.5}{\376\377\000P\000a\000r\000s\000e\000r\000\040\000C\000l\000a\000s\000s\000\040\000R\000e\000f\000e\000r\000e\000n\000c\000e}{chapter.6}% 107
\BOOKMARK [2][-]{subsection.6.5.1}{\376\377\000D\000e\000t\000a\000i\000l\000e\000d\000\040\000D\000e\000s\000c\000r\000i\000p\000t\000i\000o\000n}{section.6.5}% 108
\BOOKMARK [2][-]{subsection.6.5.2}{\376\377\000M\000e\000m\000b\000e\000r\000\040\000F\000u\000n\000c\000t\000i\000o\000n\000\040\000D\000o\000c\000u\000m\000e\000n\000t\000a\000t\000i\000o\000n}{section.6.5}% 109
\BOOKMARK [3][-]{subsubsection.6.5.2.1}{\376\377\000p\000a\000r\000s\000e\000\137\000c\000o\000n\000f\000i\000g\000\137\000f\000i\000l\000e}{subsection.6.5.2}% 110
\BOOKMARK [3][-]{subsubsection.6.5.2.2}{\376\377\000w\000r\000i\000t\000e\000\137\000c\000o\000n\000f\000i\000g\000u\000r\000a\000t\000i\000o\000n}{subsection.6.5.2}% 111
\BOOKMARK [1][-]{section.6.6}{\376\377\000P\000o\000i\000n\000t\000C\000o\000m\000p\000\040\000S\000t\000r\000u\000c\000t\000\040\000R\000e\000f\000e\000r\000e\000n\000c\000e}{chapter.6}% 112
\BOOKMARK [2][-]{subsection.6.6.1}{\376\377\000D\000e\000t\000a\000i\000l\000e\000d\000\040\000D\000e\000s\000c\000r\000i\000p\000t\000i\000o\000n}{section.6.6}% 113
\BOOKMARK [2][-]{subsection.6.6.2}{\376\377\000M\000e\000m\000b\000e\000r\000\040\000F\000u\000n\000c\000t\000i\000o\000n\000\040\000D\000o\000c\000u\000m\000e\000n\000t\000a\000t\000i\000o\000n}{section.6.6}% 114
\BOOKMARK [3][-]{subsubsection.6.6.2.1}{\376\377\000o\000p\000e\000r\000a\000t\000o\000r\000\050\000\051}{subsection.6.6.2}% 115
\BOOKMARK [1][-]{section.6.7}{\376\377\000P\000o\000i\000n\000t\000T\000r\000a\000c\000k\000e\000r\000\040\000C\000l\000a\000s\000s\000\040\000R\000e\000f\000e\000r\000e\000n\000c\000e}{chapter.6}% 116
\BOOKMARK [2][-]{subsection.6.7.1}{\376\377\000D\000e\000t\000a\000i\000l\000e\000d\000\040\000D\000e\000s\000c\000r\000i\000p\000t\000i\000o\000n}{section.6.7}% 117
\BOOKMARK [2][-]{subsection.6.7.2}{\376\377\000C\000o\000n\000s\000t\000r\000u\000c\000t\000o\000r\000\040\000\046\000\040\000D\000e\000s\000t\000r\000u\000c\000t\000o\000r\000\040\000D\000o\000c\000u\000m\000e\000n\000t\000a\000t\000i\000o\000n}{section.6.7}% 118
\BOOKMARK [3][-]{subsubsection.6.7.2.1}{\376\377\000P\000o\000i\000n\000t\000T\000r\000a\000c\000k\000e\000r}{subsection.6.7.2}% 119
\BOOKMARK [2][-]{subsection.6.7.3}{\376\377\000M\000e\000m\000b\000e\000r\000\040\000F\000u\000n\000c\000t\000i\000o\000n\000\040\000D\000o\000c\000u\000m\000e\000n\000t\000a\000t\000i\000o\000n}{section.6.7}% 120
\BOOKMARK [3][-]{subsubsection.6.7.3.1}{\376\377\000p\000o\000i\000n\000t\000\137\000m\000a\000t\000c\000h}{subsection.6.7.3}% 121
\BOOKMARK [3][-]{subsubsection.6.7.3.2}{\376\377\000s\000e\000t\000\137\000p\000o\000i\000n\000t\000\137\000m\000a\000x\000\137\000l\000i\000f\000e}{subsection.6.7.3}% 122
\BOOKMARK [3][-]{subsubsection.6.7.3.3}{\376\377\000u\000p\000d\000a\000t\000e\000\137\000p\000o\000i\000n\000t\000s}{subsection.6.7.3}% 123
\BOOKMARK [2][-]{subsection.6.7.4}{\376\377\000M\000e\000m\000b\000e\000r\000\040\000D\000a\000t\000a\000\040\000D\000o\000c\000u\000m\000e\000n\000t\000a\000t\000i\000o\000n}{section.6.7}% 124
\BOOKMARK [3][-]{subsubsection.6.7.4.1}{\376\377\000b\000a\000c\000k\000g\000r\000o\000u\000n\000d\000\137\000l\000i\000s\000t}{subsection.6.7.4}% 125
\BOOKMARK [3][-]{subsubsection.6.7.4.2}{\376\377\000M\000A\000X\000\137\000N\000U\000M\000\137\000F\000R\000A\000M\000E\000S}{subsection.6.7.4}% 126
\BOOKMARK [3][-]{subsubsection.6.7.4.3}{\376\377\000M\000I\000N\000\137\000D\000I\000S\000T\000A\000N\000C\000E}{subsection.6.7.4}% 127
\BOOKMARK [3][-]{subsubsection.6.7.4.4}{\376\377\000n\000u\000m\000\137\000f\000r\000a\000m\000e\000s}{subsection.6.7.4}% 128
\BOOKMARK [3][-]{subsubsection.6.7.4.5}{\376\377\000p\000o\000i\000n\000t\000\137\000l\000i\000s\000t}{subsection.6.7.4}% 129
\BOOKMARK [1][-]{section.6.8}{\376\377\000S\000i\000f\000t\000T\000y\000p\000e\000\040\000C\000l\000a\000s\000s\000\040\000R\000e\000f\000e\000r\000e\000n\000c\000e}{chapter.6}% 130
\BOOKMARK [2][-]{subsection.6.8.1}{\376\377\000D\000e\000t\000a\000i\000l\000e\000d\000\040\000D\000e\000s\000c\000r\000i\000p\000t\000i\000o\000n}{section.6.8}% 131
\BOOKMARK [2][-]{subsection.6.8.2}{\376\377\000C\000o\000n\000s\000t\000r\000u\000c\000t\000o\000r\000\040\000\046\000\040\000D\000e\000s\000t\000r\000u\000c\000t\000o\000r\000\040\000D\000o\000c\000u\000m\000e\000n\000t\000a\000t\000i\000o\000n}{section.6.8}% 132
\BOOKMARK [3][-]{subsubsection.6.8.2.1}{\376\377\000S\000i\000f\000t\000T\000y\000p\000e}{subsection.6.8.2}% 133
\BOOKMARK [3][-]{subsubsection.6.8.2.2}{\376\377\000S\000i\000f\000t\000T\000y\000p\000e}{subsection.6.8.2}% 134
\BOOKMARK [3][-]{subsubsection.6.8.2.3}{\376\377\000S\000i\000f\000t\000T\000y\000p\000e}{subsection.6.8.2}% 135
\BOOKMARK [3][-]{subsubsection.6.8.2.4}{\376\377\000S\000i\000f\000t\000T\000y\000p\000e}{subsection.6.8.2}% 136
\BOOKMARK [2][-]{subsection.6.8.3}{\376\377\000M\000e\000m\000b\000e\000r\000\040\000F\000u\000n\000c\000t\000i\000o\000n\000\040\000D\000o\000c\000u\000m\000e\000n\000t\000a\000t\000i\000o\000n}{section.6.8}% 137
\BOOKMARK [3][-]{subsubsection.6.8.3.1}{\376\377\000c\000o\000m\000p\000u\000t\000e\000\137\000f\000r\000a\000m\000e}{subsection.6.8.3}% 138
\BOOKMARK [3][-]{subsubsection.6.8.3.2}{\376\377\000i\000s\000T\000y\000p\000e}{subsection.6.8.3}% 139
\BOOKMARK [3][-]{subsubsection.6.8.3.3}{\376\377\000r\000e\000s\000e\000t\000\137\000d\000e\000t\000e\000c\000t\000o\000r}{subsection.6.8.3}% 140
\BOOKMARK [2][-]{subsection.6.8.4}{\376\377\000M\000e\000m\000b\000e\000r\000\040\000D\000a\000t\000a\000\040\000D\000o\000c\000u\000m\000e\000n\000t\000a\000t\000i\000o\000n}{section.6.8}% 141
\BOOKMARK [3][-]{subsubsection.6.8.4.1}{\376\377\000c\000o\000m\000m\000o\000n\000P\000a\000r\000a\000m\000s}{subsection.6.8.4}% 142
\BOOKMARK [3][-]{subsubsection.6.8.4.2}{\376\377\000c\000r\000o\000p\000\137\000l\000a\000n\000e\000s}{subsection.6.8.4}% 143
\BOOKMARK [3][-]{subsubsection.6.8.4.3}{\376\377\000d\000e\000s\000c\000r\000i\000p\000t\000o\000r\000P\000a\000r\000a\000m\000s}{subsection.6.8.4}% 144
\BOOKMARK [3][-]{subsubsection.6.8.4.4}{\376\377\000d\000e\000t\000e\000c\000t\000o\000r\000P\000a\000r\000a\000m\000s}{subsection.6.8.4}% 145
\BOOKMARK [3][-]{subsubsection.6.8.4.5}{\376\377\000s\000i\000f\000t}{subsection.6.8.4}% 146
\BOOKMARK [1][-]{section.6.9}{\376\377\000S\000U\000R\000F\000\137\000P\000A\000R\000A\000M\000S\000\040\000C\000l\000a\000s\000s\000\040\000R\000e\000f\000e\000r\000e\000n\000c\000e}{chapter.6}% 147
\BOOKMARK [2][-]{subsection.6.9.1}{\376\377\000D\000e\000t\000a\000i\000l\000e\000d\000\040\000D\000e\000s\000c\000r\000i\000p\000t\000i\000o\000n}{section.6.9}% 148
\BOOKMARK [2][-]{subsection.6.9.2}{\376\377\000M\000e\000m\000b\000e\000r\000\040\000D\000a\000t\000a\000\040\000D\000o\000c\000u\000m\000e\000n\000t\000a\000t\000i\000o\000n}{section.6.9}% 149
\BOOKMARK [3][-]{subsubsection.6.9.2.1}{\376\377\000e\000x\000t\000e\000n\000d\000e\000d}{subsection.6.9.2}% 150
\BOOKMARK [3][-]{subsubsection.6.9.2.2}{\376\377\000h\000e\000s\000s\000i\000a\000n\000T\000h\000r\000e\000s\000h\000o\000l\000d}{subsection.6.9.2}% 151
\BOOKMARK [3][-]{subsubsection.6.9.2.3}{\376\377\000n\000u\000m\000O\000c\000t\000a\000v\000e\000L\000a\000y\000e\000r\000s}{subsection.6.9.2}% 152
\BOOKMARK [3][-]{subsubsection.6.9.2.4}{\376\377\000n\000u\000m\000O\000c\000t\000a\000v\000e\000s}{subsection.6.9.2}% 153
\BOOKMARK [3][-]{subsubsection.6.9.2.5}{\376\377\000u\000p\000r\000i\000g\000h\000t}{subsection.6.9.2}% 154
\BOOKMARK [1][-]{section.6.10}{\376\377\000S\000u\000r\000f\000T\000y\000p\000e\000\040\000C\000l\000a\000s\000s\000\040\000R\000e\000f\000e\000r\000e\000n\000c\000e}{chapter.6}% 155
\BOOKMARK [2][-]{subsection.6.10.1}{\376\377\000D\000e\000t\000a\000i\000l\000e\000d\000\040\000D\000e\000s\000c\000r\000i\000p\000t\000i\000o\000n}{section.6.10}% 156
\BOOKMARK [2][-]{subsection.6.10.2}{\376\377\000C\000o\000n\000s\000t\000r\000u\000c\000t\000o\000r\000\040\000\046\000\040\000D\000e\000s\000t\000r\000u\000c\000t\000o\000r\000\040\000D\000o\000c\000u\000m\000e\000n\000t\000a\000t\000i\000o\000n}{section.6.10}% 157
\BOOKMARK [3][-]{subsubsection.6.10.2.1}{\376\377\000S\000u\000r\000f\000T\000y\000p\000e}{subsection.6.10.2}% 158
\BOOKMARK [3][-]{subsubsection.6.10.2.2}{\376\377\000S\000u\000r\000f\000T\000y\000p\000e}{subsection.6.10.2}% 159
\BOOKMARK [3][-]{subsubsection.6.10.2.3}{\376\377\000S\000u\000r\000f\000T\000y\000p\000e}{subsection.6.10.2}% 160
\BOOKMARK [3][-]{subsubsection.6.10.2.4}{\376\377\000S\000u\000r\000f\000T\000y\000p\000e}{subsection.6.10.2}% 161
\BOOKMARK [3][-]{subsubsection.6.10.2.5}{\376\377\000S\000u\000r\000f\000T\000y\000p\000e}{subsection.6.10.2}% 162
\BOOKMARK [2][-]{subsection.6.10.3}{\376\377\000M\000e\000m\000b\000e\000r\000\040\000F\000u\000n\000c\000t\000i\000o\000n\000\040\000D\000o\000c\000u\000m\000e\000n\000t\000a\000t\000i\000o\000n}{section.6.10}% 163
\BOOKMARK [3][-]{subsubsection.6.10.3.1}{\376\377\000c\000o\000m\000p\000u\000t\000e\000\137\000f\000r\000a\000m\000e}{subsection.6.10.3}% 164
\BOOKMARK [3][-]{subsubsection.6.10.3.2}{\376\377\000i\000s\000T\000y\000p\000e}{subsection.6.10.3}% 165
\BOOKMARK [3][-]{subsubsection.6.10.3.3}{\376\377\000r\000e\000s\000e\000t\000\137\000d\000e\000t\000e\000c\000t\000o\000r}{subsection.6.10.3}% 166
\BOOKMARK [2][-]{subsection.6.10.4}{\376\377\000M\000e\000m\000b\000e\000r\000\040\000D\000a\000t\000a\000\040\000D\000o\000c\000u\000m\000e\000n\000t\000a\000t\000i\000o\000n}{section.6.10}% 167
\BOOKMARK [3][-]{subsubsection.6.10.4.1}{\376\377\000e\000x\000t\000e\000n\000d\000e\000d}{subsection.6.10.4}% 168
\BOOKMARK [3][-]{subsubsection.6.10.4.2}{\376\377\000h\000e\000s\000s\000i\000a\000n\000T\000h\000r\000e\000s\000h\000o\000l\000d}{subsection.6.10.4}% 169
\BOOKMARK [3][-]{subsubsection.6.10.4.3}{\376\377\000n\000u\000m\000O\000c\000t\000a\000v\000e\000L\000a\000y\000e\000r\000s}{subsection.6.10.4}% 170
\BOOKMARK [3][-]{subsubsection.6.10.4.4}{\376\377\000n\000u\000m\000O\000c\000t\000a\000v\000e\000s}{subsection.6.10.4}% 171
\BOOKMARK [3][-]{subsubsection.6.10.4.5}{\376\377\000s\000u\000r\000f}{subsection.6.10.4}% 172
\BOOKMARK [3][-]{subsubsection.6.10.4.6}{\376\377\000u\000p\000r\000i\000g\000h\000t}{subsection.6.10.4}% 173
\BOOKMARK [1][-]{section.6.11}{\376\377\000T\000u\000p\000l\000e\000\040\000C\000l\000a\000s\000s\000\040\000R\000e\000f\000e\000r\000e\000n\000c\000e}{chapter.6}% 174
\BOOKMARK [2][-]{subsection.6.11.1}{\376\377\000D\000e\000t\000a\000i\000l\000e\000d\000\040\000D\000e\000s\000c\000r\000i\000p\000t\000i\000o\000n}{section.6.11}% 175
\BOOKMARK [2][-]{subsection.6.11.2}{\376\377\000C\000o\000n\000s\000t\000r\000u\000c\000t\000o\000r\000\040\000\046\000\040\000D\000e\000s\000t\000r\000u\000c\000t\000o\000r\000\040\000D\000o\000c\000u\000m\000e\000n\000t\000a\000t\000i\000o\000n}{section.6.11}% 176
\BOOKMARK [3][-]{subsubsection.6.11.2.1}{\376\377\000T\000u\000p\000l\000e}{subsection.6.11.2}% 177
\BOOKMARK [3][-]{subsubsection.6.11.2.2}{\376\377\000T\000u\000p\000l\000e}{subsection.6.11.2}% 178
\BOOKMARK [2][-]{subsection.6.11.3}{\376\377\000M\000e\000m\000b\000e\000r\000\040\000D\000a\000t\000a\000\040\000D\000o\000c\000u\000m\000e\000n\000t\000a\000t\000i\000o\000n}{section.6.11}% 179
\BOOKMARK [3][-]{subsubsection.6.11.3.1}{\376\377\000c\000e\000n\000t\000r\000o\000i\000d}{subsection.6.11.3}% 180
\BOOKMARK [3][-]{subsubsection.6.11.3.2}{\376\377\000f\000o\000u\000n\000d}{subsection.6.11.3}% 181
\BOOKMARK [3][-]{subsubsection.6.11.3.3}{\376\377\000s\000p\000a\000n}{subsection.6.11.3}% 182
\BOOKMARK [3][-]{subsubsection.6.11.3.4}{\376\377\000s\000t\000r\000e\000n\000g\000t\000h}{subsection.6.11.3}% 183
\BOOKMARK [1][-]{section.6.12}{\376\377\000V\000e\000h\000i\000c\000l\000e\000\040\000C\000l\000a\000s\000s\000\040\000R\000e\000f\000e\000r\000e\000n\000c\000e}{chapter.6}% 184
\BOOKMARK [2][-]{subsection.6.12.1}{\376\377\000D\000e\000t\000a\000i\000l\000e\000d\000\040\000D\000e\000s\000c\000r\000i\000p\000t\000i\000o\000n}{section.6.12}% 185
\BOOKMARK [2][-]{subsection.6.12.2}{\376\377\000M\000e\000m\000b\000e\000r\000\040\000D\000a\000t\000a\000\040\000D\000o\000c\000u\000m\000e\000n\000t\000a\000t\000i\000o\000n}{section.6.12}% 186
\BOOKMARK [3][-]{subsubsection.6.12.2.1}{\376\377\000p\000o\000i\000n\000t\000s}{subsection.6.12.2}% 187
\BOOKMARK [1][-]{section.6.13}{\376\377\000V\000e\000h\000i\000c\000l\000e\000D\000e\000t\000e\000c\000t\000i\000o\000n\000\040\000C\000l\000a\000s\000s\000\040\000R\000e\000f\000e\000r\000e\000n\000c\000e}{chapter.6}% 188
\BOOKMARK [2][-]{subsection.6.13.1}{\376\377\000D\000e\000t\000a\000i\000l\000e\000d\000\040\000D\000e\000s\000c\000r\000i\000p\000t\000i\000o\000n}{section.6.13}% 189
\BOOKMARK [2][-]{subsection.6.13.2}{\376\377\000M\000e\000m\000b\000e\000r\000\040\000F\000u\000n\000c\000t\000i\000o\000n\000\040\000D\000o\000c\000u\000m\000e\000n\000t\000a\000t\000i\000o\000n}{section.6.13}% 190
\BOOKMARK [3][-]{subsubsection.6.13.2.1}{\376\377\000c\000l\000a\000s\000s\000i\000f\000y\000C\000a\000n\000d\000i\000d\000a\000t\000e\000s}{subsection.6.13.2}% 191
\BOOKMARK [3][-]{subsubsection.6.13.2.2}{\376\377\000c\000o\000m\000p\000u\000t\000e\000C\000a\000n\000d\000i\000d\000a\000t\000e\000s}{subsection.6.13.2}% 192
\BOOKMARK [0][-]{chapter.7}{\376\377\000F\000i\000l\000e\000\040\000D\000o\000c\000u\000m\000e\000n\000t\000a\000t\000i\000o\000n}{}% 193
\BOOKMARK [1][-]{section.7.1}{\376\377\000s\000r\000c\000/\000c\000o\000r\000e\000/\000E\000n\000u\000m\000e\000r\000a\000t\000i\000o\000n\000s\000.\000c\000p\000p\000\040\000F\000i\000l\000e\000\040\000R\000e\000f\000e\000r\000e\000n\000c\000e}{chapter.7}% 194
\BOOKMARK [1][-]{section.7.2}{\376\377\000s\000r\000c\000/\000c\000o\000r\000e\000/\000E\000n\000u\000m\000e\000r\000a\000t\000i\000o\000n\000s\000.\000h\000\040\000F\000i\000l\000e\000\040\000R\000e\000f\000e\000r\000e\000n\000c\000e}{chapter.7}% 195
\BOOKMARK [2][-]{subsection.7.2.1}{\376\377\000D\000e\000f\000i\000n\000e\000\040\000D\000o\000c\000u\000m\000e\000n\000t\000a\000t\000i\000o\000n}{section.7.2}% 196
\BOOKMARK [3][-]{subsubsection.7.2.1.1}{\376\377\000C\000O\000L\000O\000R\000\137\000B\000L\000U\000E}{subsection.7.2.1}% 197
\BOOKMARK [3][-]{subsubsection.7.2.1.2}{\376\377\000C\000O\000L\000O\000R\000\137\000G\000R\000E\000E\000N}{subsection.7.2.1}% 198
\BOOKMARK [3][-]{subsubsection.7.2.1.3}{\376\377\000C\000O\000L\000O\000R\000\137\000R\000E\000D}{subsection.7.2.1}% 199
\BOOKMARK [1][-]{section.7.3}{\376\377\000s\000r\000c\000/\000c\000o\000r\000e\000/\000G\000e\000o\000m\000e\000t\000r\000y\000U\000t\000i\000l\000i\000t\000i\000e\000s\000.\000c\000p\000p\000\040\000F\000i\000l\000e\000\040\000R\000e\000f\000e\000r\000e\000n\000c\000e}{chapter.7}% 200
\BOOKMARK [2][-]{subsection.7.3.1}{\376\377\000F\000u\000n\000c\000t\000i\000o\000n\000\040\000D\000o\000c\000u\000m\000e\000n\000t\000a\000t\000i\000o\000n}{section.7.3}% 201
\BOOKMARK [3][-]{subsubsection.7.3.1.1}{\376\377\000e\000x\000p\000a\000n\000d\000R\000e\000c\000t}{subsection.7.3.1}% 202
\BOOKMARK [3][-]{subsubsection.7.3.1.2}{\376\377\000P\000o\000i\000n\000t\000D\000i\000s\000t\000a\000n\000c\000e\000L\0001}{subsection.7.3.1}% 203
\BOOKMARK [3][-]{subsubsection.7.3.1.3}{\376\377\000P\000o\000i\000n\000t\000D\000i\000s\000t\000a\000n\000c\000e\000L\0002}{subsection.7.3.1}% 204
\BOOKMARK [3][-]{subsubsection.7.3.1.4}{\376\377\000p\000o\000i\000n\000t\000s\000E\000q\000u\000a\000l}{subsection.7.3.1}% 205
\BOOKMARK [1][-]{section.7.4}{\376\377\000s\000r\000c\000/\000c\000o\000r\000e\000/\000G\000e\000o\000m\000e\000t\000r\000y\000U\000t\000i\000l\000i\000t\000i\000e\000s\000.\000h\000\040\000F\000i\000l\000e\000\040\000R\000e\000f\000e\000r\000e\000n\000c\000e}{chapter.7}% 206
\BOOKMARK [2][-]{subsection.7.4.1}{\376\377\000F\000u\000n\000c\000t\000i\000o\000n\000\040\000D\000o\000c\000u\000m\000e\000n\000t\000a\000t\000i\000o\000n}{section.7.4}% 207
\BOOKMARK [3][-]{subsubsection.7.4.1.1}{\376\377\000e\000x\000p\000a\000n\000d\000R\000e\000c\000t}{subsection.7.4.1}% 208
\BOOKMARK [3][-]{subsubsection.7.4.1.2}{\376\377\000P\000o\000i\000n\000t\000D\000i\000s\000t\000a\000n\000c\000e\000L\0001}{subsection.7.4.1}% 209
\BOOKMARK [3][-]{subsubsection.7.4.1.3}{\376\377\000P\000o\000i\000n\000t\000D\000i\000s\000t\000a\000n\000c\000e\000L\0002}{subsection.7.4.1}% 210
\BOOKMARK [3][-]{subsubsection.7.4.1.4}{\376\377\000p\000o\000i\000n\000t\000s\000E\000q\000u\000a\000l}{subsection.7.4.1}% 211
\BOOKMARK [1][-]{section.7.5}{\376\377\000s\000r\000c\000/\000c\000o\000r\000e\000/\000M\000a\000t\000U\000t\000i\000l\000i\000t\000i\000e\000s\000.\000c\000p\000p\000\040\000F\000i\000l\000e\000\040\000R\000e\000f\000e\000r\000e\000n\000c\000e}{chapter.7}% 212
\BOOKMARK [2][-]{subsection.7.5.1}{\376\377\000F\000u\000n\000c\000t\000i\000o\000n\000\040\000D\000o\000c\000u\000m\000e\000n\000t\000a\000t\000i\000o\000n}{section.7.5}% 213
\BOOKMARK [3][-]{subsubsection.7.5.1.1}{\376\377\000c\000r\000o\000p\000S\000u\000b\000I\000m\000a\000g\000e}{subsection.7.5.1}% 214
\BOOKMARK [1][-]{section.7.6}{\376\377\000s\000r\000c\000/\000c\000o\000r\000e\000/\000M\000a\000t\000U\000t\000i\000l\000i\000t\000i\000e\000s\000.\000h\000\040\000F\000i\000l\000e\000\040\000R\000e\000f\000e\000r\000e\000n\000c\000e}{chapter.7}% 215
\BOOKMARK [2][-]{subsection.7.6.1}{\376\377\000F\000u\000n\000c\000t\000i\000o\000n\000\040\000D\000o\000c\000u\000m\000e\000n\000t\000a\000t\000i\000o\000n}{section.7.6}% 216
\BOOKMARK [3][-]{subsubsection.7.6.1.1}{\376\377\000c\000r\000o\000p\000S\000u\000b\000I\000m\000a\000g\000e}{subsection.7.6.1}% 217
\BOOKMARK [1][-]{section.7.7}{\376\377\000s\000r\000c\000/\000c\000o\000r\000e\000/\000O\000p\000t\000i\000o\000n\000s\000.\000c\000p\000p\000\040\000F\000i\000l\000e\000\040\000R\000e\000f\000e\000r\000e\000n\000c\000e}{chapter.7}% 218
\BOOKMARK [1][-]{section.7.8}{\376\377\000s\000r\000c\000/\000c\000o\000r\000e\000/\000O\000p\000t\000i\000o\000n\000s\000.\000h\000\040\000F\000i\000l\000e\000\040\000R\000e\000f\000e\000r\000e\000n\000c\000e}{chapter.7}% 219
\BOOKMARK [1][-]{section.7.9}{\376\377\000s\000r\000c\000/\000c\000o\000r\000e\000/\000P\000a\000r\000s\000e\000r\000.\000c\000p\000p\000\040\000F\000i\000l\000e\000\040\000R\000e\000f\000e\000r\000e\000n\000c\000e}{chapter.7}% 220
\BOOKMARK [1][-]{section.7.10}{\376\377\000s\000r\000c\000/\000c\000o\000r\000e\000/\000P\000a\000r\000s\000e\000r\000.\000h\000\040\000F\000i\000l\000e\000\040\000R\000e\000f\000e\000r\000e\000n\000c\000e}{chapter.7}% 221
\BOOKMARK [1][-]{section.7.11}{\376\377\000s\000r\000c\000/\000c\000o\000r\000e\000/\000P\000o\000i\000n\000t\000T\000r\000a\000c\000k\000e\000r\000.\000c\000p\000p\000\040\000F\000i\000l\000e\000\040\000R\000e\000f\000e\000r\000e\000n\000c\000e}{chapter.7}% 222
\BOOKMARK [1][-]{section.7.12}{\376\377\000s\000r\000c\000/\000c\000o\000r\000e\000/\000P\000o\000i\000n\000t\000T\000r\000a\000c\000k\000e\000r\000.\000h\000\040\000F\000i\000l\000e\000\040\000R\000e\000f\000e\000r\000e\000n\000c\000e}{chapter.7}% 223
\BOOKMARK [1][-]{section.7.13}{\376\377\000s\000r\000c\000/\000c\000o\000r\000e\000/\000V\000i\000d\000e\000o\000U\000t\000i\000l\000i\000t\000i\000e\000s\000.\000c\000p\000p\000\040\000F\000i\000l\000e\000\040\000R\000e\000f\000e\000r\000e\000n\000c\000e}{chapter.7}% 224
\BOOKMARK [2][-]{subsection.7.13.1}{\376\377\000F\000u\000n\000c\000t\000i\000o\000n\000\040\000D\000o\000c\000u\000m\000e\000n\000t\000a\000t\000i\000o\000n}{section.7.13}% 225
\BOOKMARK [3][-]{subsubsection.7.13.1.1}{\376\377\000m\000e\000d\000i\000a\000n\000\137\000f\000r\000a\000m\000e}{subsection.7.13.1}% 226
\BOOKMARK [1][-]{section.7.14}{\376\377\000s\000r\000c\000/\000c\000o\000r\000e\000/\000V\000i\000d\000e\000o\000U\000t\000i\000l\000i\000t\000i\000e\000s\000.\000h\000\040\000F\000i\000l\000e\000\040\000R\000e\000f\000e\000r\000e\000n\000c\000e}{chapter.7}% 227
\BOOKMARK [2][-]{subsection.7.14.1}{\376\377\000F\000u\000n\000c\000t\000i\000o\000n\000\040\000D\000o\000c\000u\000m\000e\000n\000t\000a\000t\000i\000o\000n}{section.7.14}% 228
\BOOKMARK [3][-]{subsubsection.7.14.1.1}{\376\377\000m\000e\000d\000i\000a\000n\000\137\000f\000r\000a\000m\000e}{subsection.7.14.1}% 229
\BOOKMARK [1][-]{section.7.15}{\376\377\000s\000r\000c\000/\000f\000e\000a\000t\000u\000r\000e\000/\000F\000e\000a\000t\000u\000r\000e\000P\000o\000i\000n\000t\000U\000t\000i\000l\000i\000t\000i\000e\000s\000.\000h\000\040\000F\000i\000l\000e\000\040\000R\000e\000f\000e\000r\000e\000n\000c\000e}{chapter.7}% 230
\BOOKMARK [2][-]{subsection.7.15.1}{\376\377\000F\000u\000n\000c\000t\000i\000o\000n\000\040\000D\000o\000c\000u\000m\000e\000n\000t\000a\000t\000i\000o\000n}{section.7.15}% 231
\BOOKMARK [3][-]{subsubsection.7.15.1.1}{\376\377\000c\000o\000m\000p\000u\000t\000e\000\137\000a\000r\000e\000a}{subsection.7.15.1}% 232
\BOOKMARK [3][-]{subsubsection.7.15.1.2}{\376\377\000c\000o\000m\000p\000u\000t\000e\000\137\000p\000o\000i\000n\000t\000\137\000d\000e\000n\000s\000i\000t\000y}{subsection.7.15.1}% 233
\BOOKMARK [1][-]{section.7.16}{\376\377\000s\000r\000c\000/\000f\000e\000a\000t\000u\000r\000e\000/\000V\000e\000h\000i\000c\000l\000e\000D\000e\000t\000e\000c\000t\000i\000o\000n\000.\000c\000p\000p\000\040\000F\000i\000l\000e\000\040\000R\000e\000f\000e\000r\000e\000n\000c\000e}{chapter.7}% 234
\BOOKMARK [1][-]{section.7.17}{\376\377\000s\000r\000c\000/\000f\000e\000a\000t\000u\000r\000e\000/\000V\000e\000h\000i\000c\000l\000e\000D\000e\000t\000e\000c\000t\000i\000o\000n\000.\000h\000\040\000F\000i\000l\000e\000\040\000R\000e\000f\000e\000r\000e\000n\000c\000e}{chapter.7}% 235
\BOOKMARK [1][-]{section.7.18}{\376\377\000s\000r\000c\000/\000m\000a\000i\000n\000.\000c\000p\000p\000\040\000F\000i\000l\000e\000\040\000R\000e\000f\000e\000r\000e\000n\000c\000e}{chapter.7}% 236
\BOOKMARK [2][-]{subsection.7.18.1}{\376\377\000F\000u\000n\000c\000t\000i\000o\000n\000\040\000D\000o\000c\000u\000m\000e\000n\000t\000a\000t\000i\000o\000n}{section.7.18}% 237
\BOOKMARK [3][-]{subsubsection.7.18.1.1}{\376\377\000i\000n\000i\000t}{subsection.7.18.1}% 238
\BOOKMARK [3][-]{subsubsection.7.18.1.2}{\376\377\000m\000a\000i\000n}{subsection.7.18.1}% 239
\BOOKMARK [2][-]{subsection.7.18.2}{\376\377\000V\000a\000r\000i\000a\000b\000l\000e\000\040\000D\000o\000c\000u\000m\000e\000n\000t\000a\000t\000i\000o\000n}{section.7.18}% 240
\BOOKMARK [3][-]{subsubsection.7.18.2.1}{\376\377\000m\000o\000u\000s\000e\000\137\000f\000l\000a\000g}{subsection.7.18.2}% 241
\BOOKMARK [3][-]{subsubsection.7.18.2.2}{\376\377\000p\000X}{subsection.7.18.2}% 242
\BOOKMARK [3][-]{subsubsection.7.18.2.3}{\376\377\000p\000Y}{subsection.7.18.2}% 243
\BOOKMARK [1][-]{section.7.19}{\376\377\000s\000r\000c\000/\000s\000t\000r\000u\000c\000t\000u\000r\000e\000s\000/\000D\000e\000t\000e\000c\000t\000o\000r\000T\000y\000p\000e\000.\000c\000p\000p\000\040\000F\000i\000l\000e\000\040\000R\000e\000f\000e\000r\000e\000n\000c\000e}{chapter.7}% 244
\BOOKMARK [1][-]{section.7.20}{\376\377\000s\000r\000c\000/\000s\000t\000r\000u\000c\000t\000u\000r\000e\000s\000/\000D\000e\000t\000e\000c\000t\000o\000r\000T\000y\000p\000e\000.\000h\000\040\000F\000i\000l\000e\000\040\000R\000e\000f\000e\000r\000e\000n\000c\000e}{chapter.7}% 245
\BOOKMARK [1][-]{section.7.21}{\376\377\000s\000r\000c\000/\000s\000t\000r\000u\000c\000t\000u\000r\000e\000s\000/\000L\000a\000n\000e\000.\000c\000p\000p\000\040\000F\000i\000l\000e\000\040\000R\000e\000f\000e\000r\000e\000n\000c\000e}{chapter.7}% 246
\BOOKMARK [2][-]{subsection.7.21.1}{\376\377\000F\000u\000n\000c\000t\000i\000o\000n\000\040\000D\000o\000c\000u\000m\000e\000n\000t\000a\000t\000i\000o\000n}{section.7.21}% 247
\BOOKMARK [3][-]{subsubsection.7.21.1.1}{\376\377\000i\000n\000s\000i\000d\000e\000L\000a\000n\000e}{subsection.7.21.1}% 248
\BOOKMARK [1][-]{section.7.22}{\376\377\000s\000r\000c\000/\000s\000t\000r\000u\000c\000t\000u\000r\000e\000s\000/\000L\000a\000n\000e\000.\000h\000\040\000F\000i\000l\000e\000\040\000R\000e\000f\000e\000r\000e\000n\000c\000e}{chapter.7}% 249
\BOOKMARK [2][-]{subsection.7.22.1}{\376\377\000F\000u\000n\000c\000t\000i\000o\000n\000\040\000D\000o\000c\000u\000m\000e\000n\000t\000a\000t\000i\000o\000n}{section.7.22}% 250
\BOOKMARK [3][-]{subsubsection.7.22.1.1}{\376\377\000B\000O\000O\000S\000T\000\137\000G\000E\000O\000M\000E\000T\000R\000Y\000\137\000R\000E\000G\000I\000S\000T\000E\000R\000\137\000B\000O\000O\000S\000T\000\137\000T\000U\000P\000L\000E\000\137\000C\000S}{subsection.7.22.1}% 251
\BOOKMARK [3][-]{subsubsection.7.22.1.2}{\376\377\000i\000n\000s\000i\000d\000e\000L\000a\000n\000e}{subsection.7.22.1}% 252
\BOOKMARK [1][-]{section.7.23}{\376\377\000s\000r\000c\000/\000s\000t\000r\000u\000c\000t\000u\000r\000e\000s\000/\000S\000i\000f\000t\000T\000y\000p\000e\000.\000c\000p\000p\000\040\000F\000i\000l\000e\000\040\000R\000e\000f\000e\000r\000e\000n\000c\000e}{chapter.7}% 253
\BOOKMARK [1][-]{section.7.24}{\376\377\000s\000r\000c\000/\000s\000t\000r\000u\000c\000t\000u\000r\000e\000s\000/\000S\000i\000f\000t\000T\000y\000p\000e\000.\000h\000\040\000F\000i\000l\000e\000\040\000R\000e\000f\000e\000r\000e\000n\000c\000e}{chapter.7}% 254
\BOOKMARK [1][-]{section.7.25}{\376\377\000s\000r\000c\000/\000s\000t\000r\000u\000c\000t\000u\000r\000e\000s\000/\000S\000u\000r\000f\000T\000y\000p\000e\000.\000c\000p\000p\000\040\000F\000i\000l\000e\000\040\000R\000e\000f\000e\000r\000e\000n\000c\000e}{chapter.7}% 255
\BOOKMARK [1][-]{section.7.26}{\376\377\000s\000r\000c\000/\000s\000t\000r\000u\000c\000t\000u\000r\000e\000s\000/\000S\000u\000r\000f\000T\000y\000p\000e\000.\000h\000\040\000F\000i\000l\000e\000\040\000R\000e\000f\000e\000r\000e\000n\000c\000e}{chapter.7}% 256
\BOOKMARK [1][-]{section.7.27}{\376\377\000s\000r\000c\000/\000s\000t\000r\000u\000c\000t\000u\000r\000e\000s\000/\000V\000e\000h\000i\000c\000l\000e\000.\000c\000p\000p\000\040\000F\000i\000l\000e\000\040\000R\000e\000f\000e\000r\000e\000n\000c\000e}{chapter.7}% 257
\BOOKMARK [1][-]{section.7.28}{\376\377\000s\000r\000c\000/\000s\000t\000r\000u\000c\000t\000u\000r\000e\000s\000/\000V\000e\000h\000i\000c\000l\000e\000.\000h\000\040\000F\000i\000l\000e\000\040\000R\000e\000f\000e\000r\000e\000n\000c\000e}{chapter.7}% 258
\BOOKMARK [1][-]{section.7.29}{\376\377\000s\000r\000c\000/\000u\000i\000/\000L\000a\000n\000e\000D\000r\000a\000w\000i\000n\000g\000.\000c\000p\000p\000\040\000F\000i\000l\000e\000\040\000R\000e\000f\000e\000r\000e\000n\000c\000e}{chapter.7}% 259
\BOOKMARK [2][-]{subsection.7.29.1}{\376\377\000F\000u\000n\000c\000t\000i\000o\000n\000\040\000D\000o\000c\000u\000m\000e\000n\000t\000a\000t\000i\000o\000n}{section.7.29}% 260
\BOOKMARK [3][-]{subsubsection.7.29.1.1}{\376\377\000d\000r\000a\000w\000\137\000l\000a\000n\000e\000s}{subsection.7.29.1}% 261
\BOOKMARK [3][-]{subsubsection.7.29.1.2}{\376\377\000l\000a\000n\000e\000\137\000m\000a\000n\000a\000g\000e\000r}{subsection.7.29.1}% 262
\BOOKMARK [3][-]{subsubsection.7.29.1.3}{\376\377\000l\000o\000a\000d\000\137\000l\000a\000n\000e\000s}{subsection.7.29.1}% 263
\BOOKMARK [3][-]{subsubsection.7.29.1.4}{\376\377\000s\000a\000v\000e\000\137\000l\000a\000n\000e\000s}{subsection.7.29.1}% 264
\BOOKMARK [1][-]{section.7.30}{\376\377\000s\000r\000c\000/\000u\000i\000/\000L\000a\000n\000e\000D\000r\000a\000w\000i\000n\000g\000.\000h\000\040\000F\000i\000l\000e\000\040\000R\000e\000f\000e\000r\000e\000n\000c\000e}{chapter.7}% 265
\BOOKMARK [2][-]{subsection.7.30.1}{\376\377\000F\000u\000n\000c\000t\000i\000o\000n\000\040\000D\000o\000c\000u\000m\000e\000n\000t\000a\000t\000i\000o\000n}{section.7.30}% 266
\BOOKMARK [3][-]{subsubsection.7.30.1.1}{\376\377\000d\000r\000a\000w\000\137\000l\000a\000n\000e\000s}{subsection.7.30.1}% 267
\BOOKMARK [3][-]{subsubsection.7.30.1.2}{\376\377\000l\000a\000n\000e\000\137\000m\000a\000n\000a\000g\000e\000r}{subsection.7.30.1}% 268
\BOOKMARK [3][-]{subsubsection.7.30.1.3}{\376\377\000l\000o\000a\000d\000\137\000l\000a\000n\000e\000s}{subsection.7.30.1}% 269
\BOOKMARK [3][-]{subsubsection.7.30.1.4}{\376\377\000s\000a\000v\000e\000\137\000l\000a\000n\000e\000s}{subsection.7.30.1}% 270
\BOOKMARK [2][-]{subsection.7.30.2}{\376\377\000V\000a\000r\000i\000a\000b\000l\000e\000\040\000D\000o\000c\000u\000m\000e\000n\000t\000a\000t\000i\000o\000n}{section.7.30}% 271
\BOOKMARK [3][-]{subsubsection.7.30.2.1}{\376\377\000m\000o\000u\000s\000e\000\137\000f\000l\000a\000g}{subsection.7.30.2}% 272
\BOOKMARK [3][-]{subsubsection.7.30.2.2}{\376\377\000p\000X}{subsection.7.30.2}% 273
\BOOKMARK [3][-]{subsubsection.7.30.2.3}{\376\377\000p\000Y}{subsection.7.30.2}% 274
\BOOKMARK [1][-]{section.7.31}{\376\377\000s\000r\000c\000/\000u\000i\000/\000M\000o\000u\000s\000e\000.\000c\000p\000p\000\040\000F\000i\000l\000e\000\040\000R\000e\000f\000e\000r\000e\000n\000c\000e}{chapter.7}% 275
\BOOKMARK [2][-]{subsection.7.31.1}{\376\377\000F\000u\000n\000c\000t\000i\000o\000n\000\040\000D\000o\000c\000u\000m\000e\000n\000t\000a\000t\000i\000o\000n}{section.7.31}% 276
\BOOKMARK [3][-]{subsubsection.7.31.1.1}{\376\377\000m\000o\000u\000s\000e\000F\000u\000n\000c}{subsection.7.31.1}% 277
\BOOKMARK [1][-]{section.7.32}{\376\377\000s\000r\000c\000/\000u\000i\000/\000M\000o\000u\000s\000e\000.\000h\000\040\000F\000i\000l\000e\000\040\000R\000e\000f\000e\000r\000e\000n\000c\000e}{chapter.7}% 278
\BOOKMARK [2][-]{subsection.7.32.1}{\376\377\000F\000u\000n\000c\000t\000i\000o\000n\000\040\000D\000o\000c\000u\000m\000e\000n\000t\000a\000t\000i\000o\000n}{section.7.32}% 279
\BOOKMARK [3][-]{subsubsection.7.32.1.1}{\376\377\000m\000o\000u\000s\000e\000F\000u\000n\000c}{subsection.7.32.1}% 280
\BOOKMARK [2][-]{subsection.7.32.2}{\376\377\000V\000a\000r\000i\000a\000b\000l\000e\000\040\000D\000o\000c\000u\000m\000e\000n\000t\000a\000t\000i\000o\000n}{section.7.32}% 281
\BOOKMARK [3][-]{subsubsection.7.32.2.1}{\376\377\000m\000o\000u\000s\000e\000\137\000f\000l\000a\000g}{subsection.7.32.2}% 282
\BOOKMARK [3][-]{subsubsection.7.32.2.2}{\376\377\000p\000X}{subsection.7.32.2}% 283
\BOOKMARK [3][-]{subsubsection.7.32.2.3}{\376\377\000p\000Y}{subsection.7.32.2}% 284
